<?xml version="1.0" encoding="UTF-8"?>
<!-- Generated by org.testng.reporters.JUnitReportReporter -->
<testsuite hostname="D-113154198" name="PracticeTestNG.GroupingTest" tests="4" failures="0" timestamp="5 Jan 2018 10:40:08 GMT" time="0.016" errors="0">
  <testcase name="Scooter1" time="0.001" classname="PracticeTestNG.GroupingTest"/>
  <testcase name="Car2" time="0.001" classname="PracticeTestNG.GroupingTest"/>
  <testcase name="Scooter2" time="0.001" classname="PracticeTestNG.GroupingTest"/>
  <testcase name="Car1" time="0.013" classname="PracticeTestNG.GroupingTest"/>
</testsuite> <!-- PracticeTestNG.GroupingTest -->
