<?xml version="1.0" encoding="UTF-8"?>
<!-- Generated by org.testng.reporters.JUnitReportReporter -->
<testsuite hostname="D-113154198" name="PracticeTestNG.TestNG_Annotation1" tests="3" failures="0" timestamp="5 Jan 2018 11:23:20 GMT" time="0.014" errors="0">
  <testcase name="AtestCase2" time="0.003" classname="PracticeTestNG.TestNG_Annotation1"/>
  <testcase name="AtestCase3" time="0.003" classname="PracticeTestNG.TestNG_Annotation1"/>
  <testcase name="AtestCase1" time="0.008" classname="PracticeTestNG.TestNG_Annotation1"/>
</testsuite> <!-- PracticeTestNG.TestNG_Annotation1 -->
