<?xml version="1.0" encoding="UTF-8"?>
<!-- Generated by org.testng.reporters.JUnitReportReporter -->
<testsuite hostname="D-113154198" name="PracticeTestNG.TestAnnotation2" tests="3" failures="0" timestamp="5 Jan 2018 10:59:40 GMT" time="0.015" errors="0">
  <testcase name="testCase2" time="0.000" classname="PracticeTestNG.TestAnnotation2"/>
  <testcase name="testCase1" time="0.015" classname="PracticeTestNG.TestAnnotation2"/>
  <testcase name="testCase3" time="0.000" classname="PracticeTestNG.TestAnnotation2"/>
</testsuite> <!-- PracticeTestNG.TestAnnotation2 -->
