<?xml version="1.0" encoding="UTF-8"?>
<!-- Generated by org.testng.reporters.JUnitReportReporter -->
<testsuite hostname="D-113154198" name="PracticeTestNG.NewTest_1" tests="3" failures="0" timestamp="5 Jan 2018 10:31:08 GMT" time="0.007" errors="0">
  <testcase name="testCase3" time="0.002" classname="PracticeTestNG.NewTest_1"/>
  <testcase name="testCase1" time="0.003" classname="PracticeTestNG.NewTest_1"/>
  <testcase name="testCase2" time="0.002" classname="PracticeTestNG.NewTest_1"/>
</testsuite> <!-- PracticeTestNG.NewTest_1 -->
