<?xml version="1.0" encoding="UTF-8"?>
<!-- Generated by org.testng.reporters.JUnitReportReporter -->
<testsuite hostname="D-113154198" name="com.CartOpen.TestCart.OpenCartTest" tests="1" failures="0" timestamp="5 Jan 2018 10:09:33 GMT" time="59.959" errors="0">
  <testcase name="LoginUserAccount" time="59.959" classname="com.CartOpen.TestCart.OpenCartTest"/>
</testsuite> <!-- com.CartOpen.TestCart.OpenCartTest -->
