<?xml version="1.0" encoding="UTF-8"?>
<!-- Generated by org.testng.reporters.JUnitReportReporter -->
<testsuite hostname="D-113154198" name="PracticeTestNG.Test_Dependent" tests="3" failures="0" timestamp="5 Jan 2018 11:06:22 GMT" time="0.000" errors="0">
  <testcase name="OpenBrowser" time="0.000" classname="PracticeTestNG.Test_Dependent"/>
  <testcase name="LogOut" time="0.000" classname="PracticeTestNG.Test_Dependent"/>
  <testcase name="SignIn" time="0.000" classname="PracticeTestNG.Test_Dependent"/>
</testsuite> <!-- PracticeTestNG.Test_Dependent -->
