<?xml version="1.0" encoding="UTF-8"?>
<!-- Generated by org.testng.reporters.JUnitReportReporter -->
<testsuite hostname="D-113154198" name="PracticeTestNG.TestNG_Annotation2" tests="3" failures="0" timestamp="5 Jan 2018 11:23:20 GMT" time="0.006" errors="0">
  <testcase name="BtestCase2" time="0.002" classname="PracticeTestNG.TestNG_Annotation2"/>
  <testcase name="BtestCase1" time="0.003" classname="PracticeTestNG.TestNG_Annotation2"/>
  <testcase name="BtestCase3" time="0.001" classname="PracticeTestNG.TestNG_Annotation2"/>
</testsuite> <!-- PracticeTestNG.TestNG_Annotation2 -->
