<?xml version="1.0" encoding="UTF-8"?>
<!-- Generated by org.testng.reporters.JUnitReportReporter -->
<testsuite hostname="D-113154198" name="PracticeTestNG.Test_Grouping" tests="4" failures="0" timestamp="5 Jan 2018 11:06:22 GMT" time="0.016" errors="0">
  <testcase name="Scooter2" time="0.000" classname="PracticeTestNG.Test_Grouping"/>
  <testcase name="Car2" time="0.000" classname="PracticeTestNG.Test_Grouping"/>
  <testcase name="Scooter1" time="0.016" classname="PracticeTestNG.Test_Grouping"/>
  <testcase name="Car1" time="0.000" classname="PracticeTestNG.Test_Grouping"/>
</testsuite> <!-- PracticeTestNG.Test_Grouping -->
